[01-16 23:20:05] [31mWARNING [39m If you want to use wandb to visualize the gradient, please set gradient_logger = [3mTrue[23m in the config.                       ]8;id=441001;file:///Users/wuyuren/miniconda3/envs/ppo/lib/python3.9/site-packages/ding/utils/default_helper.py\default_helper.py]8;;\:]8;id=42450;file:///Users/wuyuren/miniconda3/envs/ppo/lib/python3.9/site-packages/ding/utils/default_helper.py#410\410]8;;\
/Users/wuyuren/miniconda3/envs/ppo/lib/python3.9/site-packages/gym/core.py:329: DeprecationWarning: [33mWARN: Initializing wrapper in old step API which returns one bool instead of two. It is recommended to set `new_step_api=True` to use new step API. This will be the default behaviour in future.
  deprecation(
/Users/wuyuren/miniconda3/envs/ppo/lib/python3.9/site-packages/gym/core.py:329: DeprecationWarning: [33mWARN: Initializing wrapper in old step API which returns one bool instead of two. It is recommended to set `new_step_api=True` to use new step API. This will be the default behaviour in future.
  deprecation(
/Users/wuyuren/miniconda3/envs/ppo/lib/python3.9/site-packages/gym/core.py:329: DeprecationWarning: [33mWARN: Initializing wrapper in old step API which returns one bool instead of two. It is recommended to set `new_step_api=True` to use new step API. This will be the default behaviour in future.
  deprecation(
/Users/wuyuren/miniconda3/envs/ppo/lib/python3.9/site-packages/gym/core.py:329: DeprecationWarning: [33mWARN: Initializing wrapper in old step API which returns one bool instead of two. It is recommended to set `new_step_api=True` to use new step API. This will be the default behaviour in future.
  deprecation(
/Users/wuyuren/miniconda3/envs/ppo/lib/python3.9/site-packages/gym/core.py:268: DeprecationWarning: [33mWARN: Function `env.seed(seed)` is marked as deprecated and will be removed in the future. Please use `env.reset(seed=seed)` instead.
  deprecation(
/Users/wuyuren/miniconda3/envs/ppo/lib/python3.9/site-packages/gym/core.py:268: DeprecationWarning: [33mWARN: Function `env.seed(seed)` is marked as deprecated and will be removed in the future. Please use `env.reset(seed=seed)` instead.
  deprecation(
/Users/wuyuren/miniconda3/envs/ppo/lib/python3.9/site-packages/gym/core.py:268: DeprecationWarning: [33mWARN: Function `env.seed(seed)` is marked as deprecated and will be removed in the future. Please use `env.reset(seed=seed)` instead.
  deprecation(
/Users/wuyuren/miniconda3/envs/ppo/lib/python3.9/site-packages/gym/core.py:268: DeprecationWarning: [33mWARN: Function `env.seed(seed)` is marked as deprecated and will be removed in the future. Please use `env.reset(seed=seed)` instead.
  deprecation(
/Users/wuyuren/miniconda3/envs/ppo/lib/python3.9/site-packages/gym/utils/passive_env_checker.py:241: DeprecationWarning: `np.bool8` is a deprecated alias for `np.bool_`.  (Deprecated NumPy 1.24)
  if not isinstance(terminated, (bool, np.bool8)):
/Users/wuyuren/miniconda3/envs/ppo/lib/python3.9/site-packages/gym/utils/passive_env_checker.py:241: DeprecationWarning: `np.bool8` is a deprecated alias for `np.bool_`.  (Deprecated NumPy 1.24)
  if not isinstance(terminated, (bool, np.bool8)):
/Users/wuyuren/miniconda3/envs/ppo/lib/python3.9/site-packages/gym/utils/passive_env_checker.py:241: DeprecationWarning: `np.bool8` is a deprecated alias for `np.bool_`.  (Deprecated NumPy 1.24)
  if not isinstance(terminated, (bool, np.bool8)):
/Users/wuyuren/miniconda3/envs/ppo/lib/python3.9/site-packages/gym/utils/passive_env_checker.py:241: DeprecationWarning: `np.bool8` is a deprecated alias for `np.bool_`.  (Deprecated NumPy 1.24)
  if not isinstance(terminated, (bool, np.bool8)):
[01-16 23:20:06] [34mINFO    [39m Evaluation: Train [1mIter(0)[22m       Env [1mStep(0)[22m     Mean Episode [1mReturn(-417.934)[22m                                                   ]8;id=870163;file:///Users/wuyuren/miniconda3/envs/ppo/lib/python3.9/site-packages/ding/framework/middleware/functional/evaluator.py\evaluator.py]8;;\:]8;id=318046;file:///Users/wuyuren/miniconda3/envs/ppo/lib/python3.9/site-packages/ding/framework/middleware/functional/evaluator.py#370\370]8;;\
/Users/wuyuren/miniconda3/envs/ppo/lib/python3.9/site-packages/gym/core.py:329: DeprecationWarning: [33mWARN: Initializing wrapper in old step API which returns one bool instead of two. It is recommended to set `new_step_api=True` to use new step API. This will be the default behaviour in future.
  deprecation(
/Users/wuyuren/miniconda3/envs/ppo/lib/python3.9/site-packages/gym/core.py:329: DeprecationWarning: [33mWARN: Initializing wrapper in old step API which returns one bool instead of two. It is recommended to set `new_step_api=True` to use new step API. This will be the default behaviour in future.
  deprecation(
/Users/wuyuren/miniconda3/envs/ppo/lib/python3.9/site-packages/gym/core.py:329: DeprecationWarning: [33mWARN: Initializing wrapper in old step API which returns one bool instead of two. It is recommended to set `new_step_api=True` to use new step API. This will be the default behaviour in future.
  deprecation(
/Users/wuyuren/miniconda3/envs/ppo/lib/python3.9/site-packages/gym/core.py:329: DeprecationWarning: [33mWARN: Initializing wrapper in old step API which returns one bool instead of two. It is recommended to set `new_step_api=True` to use new step API. This will be the default behaviour in future.
  deprecation(
/Users/wuyuren/miniconda3/envs/ppo/lib/python3.9/site-packages/gym/core.py:268: DeprecationWarning: [33mWARN: Function `env.seed(seed)` is marked as deprecated and will be removed in the future. Please use `env.reset(seed=seed)` instead.
  deprecation(
/Users/wuyuren/miniconda3/envs/ppo/lib/python3.9/site-packages/gym/core.py:268: DeprecationWarning: [33mWARN: Function `env.seed(seed)` is marked as deprecated and will be removed in the future. Please use `env.reset(seed=seed)` instead.
  deprecation(
/Users/wuyuren/miniconda3/envs/ppo/lib/python3.9/site-packages/gym/core.py:268: DeprecationWarning: [33mWARN: Function `env.seed(seed)` is marked as deprecated and will be removed in the future. Please use `env.reset(seed=seed)` instead.
  deprecation(
/Users/wuyuren/miniconda3/envs/ppo/lib/python3.9/site-packages/gym/core.py:268: DeprecationWarning: [33mWARN: Function `env.seed(seed)` is marked as deprecated and will be removed in the future. Please use `env.reset(seed=seed)` instead.
  deprecation(
/Users/wuyuren/miniconda3/envs/ppo/lib/python3.9/site-packages/gym/utils/passive_env_checker.py:241: DeprecationWarning: `np.bool8` is a deprecated alias for `np.bool_`.  (Deprecated NumPy 1.24)
  if not isinstance(terminated, (bool, np.bool8)):
/Users/wuyuren/miniconda3/envs/ppo/lib/python3.9/site-packages/gym/utils/passive_env_checker.py:241: DeprecationWarning: `np.bool8` is a deprecated alias for `np.bool_`.  (Deprecated NumPy 1.24)
  if not isinstance(terminated, (bool, np.bool8)):
/Users/wuyuren/miniconda3/envs/ppo/lib/python3.9/site-packages/gym/utils/passive_env_checker.py:241: DeprecationWarning: `np.bool8` is a deprecated alias for `np.bool_`.  (Deprecated NumPy 1.24)
  if not isinstance(terminated, (bool, np.bool8)):
/Users/wuyuren/miniconda3/envs/ppo/lib/python3.9/site-packages/gym/utils/passive_env_checker.py:241: DeprecationWarning: `np.bool8` is a deprecated alias for `np.bool_`.  (Deprecated NumPy 1.24)
  if not isinstance(terminated, (bool, np.bool8)):
[01-16 23:20:11] [34mINFO    [39m Training: Train [1mIter(560)[22m       Env [1mStep(3606)[22m  [1mLoss(-0.037)[22m                                                                       ]8;id=627363;file:///Users/wuyuren/miniconda3/envs/ppo/lib/python3.9/site-packages/ding/framework/middleware/functional/trainer.py\trainer.py]8;;\:]8;id=647391;file:///Users/wuyuren/miniconda3/envs/ppo/lib/python3.9/site-packages/ding/framework/middleware/functional/trainer.py#82\82]8;;\
[01-16 23:20:18] [34mINFO    [39m Evaluation: Train [1mIter(1050)[22m    Env [1mStep(6012)[22m  Mean Episode [1mReturn(-213.519)[22m                                                   ]8;id=541195;file:///Users/wuyuren/miniconda3/envs/ppo/lib/python3.9/site-packages/ding/framework/middleware/functional/evaluator.py\evaluator.py]8;;\:]8;id=697963;file:///Users/wuyuren/miniconda3/envs/ppo/lib/python3.9/site-packages/ding/framework/middleware/functional/evaluator.py#370\370]8;;\
[01-16 23:20:19] [34mINFO    [39m Training: Train [1mIter(1120)[22m      Env [1mStep(6815)[22m  [1mLoss(-0.036)[22m                                                                       ]8;id=777961;file:///Users/wuyuren/miniconda3/envs/ppo/lib/python3.9/site-packages/ding/framework/middleware/functional/trainer.py\trainer.py]8;;\:]8;id=561537;file:///Users/wuyuren/miniconda3/envs/ppo/lib/python3.9/site-packages/ding/framework/middleware/functional/trainer.py#82\82]8;;\
[01-16 23:20:25] [34mINFO    [39m Training: Train [1mIter(1680)[22m      Env [1mStep(10027)[22m [1mLoss(-0.028)[22m                                                                       ]8;id=432251;file:///Users/wuyuren/miniconda3/envs/ppo/lib/python3.9/site-packages/ding/framework/middleware/functional/trainer.py\trainer.py]8;;\:]8;id=189442;file:///Users/wuyuren/miniconda3/envs/ppo/lib/python3.9/site-packages/ding/framework/middleware/functional/trainer.py#82\82]8;;\
[01-16 23:20:30] [34mINFO    [39m Evaluation: Train [1mIter(2100)[22m    Env [1mStep(12038)[22m Mean Episode [1mReturn(-164.487)[22m                                                   ]8;id=477652;file:///Users/wuyuren/miniconda3/envs/ppo/lib/python3.9/site-packages/ding/framework/middleware/functional/evaluator.py\evaluator.py]8;;\:]8;id=41005;file:///Users/wuyuren/miniconda3/envs/ppo/lib/python3.9/site-packages/ding/framework/middleware/functional/evaluator.py#370\370]8;;\
[01-16 23:20:32] [34mINFO    [39m Training: Train [1mIter(2240)[22m      Env [1mStep(13242)[22m [1mLoss(-0.026)[22m                                                                       ]8;id=385316;file:///Users/wuyuren/miniconda3/envs/ppo/lib/python3.9/site-packages/ding/framework/middleware/functional/trainer.py\trainer.py]8;;\:]8;id=867254;file:///Users/wuyuren/miniconda3/envs/ppo/lib/python3.9/site-packages/ding/framework/middleware/functional/trainer.py#82\82]8;;\
[01-16 23:20:37] [34mINFO    [39m Training: Train [1mIter(2800)[22m      Env [1mStep(16454)[22m [1mLoss(-0.023)[22m                                                                       ]8;id=146089;file:///Users/wuyuren/miniconda3/envs/ppo/lib/python3.9/site-packages/ding/framework/middleware/functional/trainer.py\trainer.py]8;;\:]8;id=498536;file:///Users/wuyuren/miniconda3/envs/ppo/lib/python3.9/site-packages/ding/framework/middleware/functional/trainer.py#82\82]8;;\
[01-16 23:20:43] [34mINFO    [39m Evaluation: Train [1mIter(3150)[22m    Env [1mStep(18057)[22m Mean Episode [1mReturn(-53.626)[22m                                                    ]8;id=369343;file:///Users/wuyuren/miniconda3/envs/ppo/lib/python3.9/site-packages/ding/framework/middleware/functional/evaluator.py\evaluator.py]8;;\:]8;id=983893;file:///Users/wuyuren/miniconda3/envs/ppo/lib/python3.9/site-packages/ding/framework/middleware/functional/evaluator.py#370\370]8;;\
[01-16 23:20:47] [34mINFO    [39m Training: Train [1mIter(3360)[22m      Env [1mStep(19665)[22m [1mLoss(-0.025)[22m                                                                       ]8;id=296457;file:///Users/wuyuren/miniconda3/envs/ppo/lib/python3.9/site-packages/ding/framework/middleware/functional/trainer.py\trainer.py]8;;\:]8;id=228455;file:///Users/wuyuren/miniconda3/envs/ppo/lib/python3.9/site-packages/ding/framework/middleware/functional/trainer.py#82\82]8;;\
[01-16 23:20:53] [34mINFO    [39m Training: Train [1mIter(3920)[22m      Env [1mStep(22885)[22m [1mLoss(-0.014)[22m                                                                       ]8;id=690;file:///Users/wuyuren/miniconda3/envs/ppo/lib/python3.9/site-packages/ding/framework/middleware/functional/trainer.py\trainer.py]8;;\:]8;id=658404;file:///Users/wuyuren/miniconda3/envs/ppo/lib/python3.9/site-packages/ding/framework/middleware/functional/trainer.py#82\82]8;;\
[01-16 23:20:57] [34mINFO    [39m Evaluation: Train [1mIter(4200)[22m    Env [1mStep(24088)[22m Mean Episode [1mReturn(124.599)[22m                                                    ]8;id=723926;file:///Users/wuyuren/miniconda3/envs/ppo/lib/python3.9/site-packages/ding/framework/middleware/functional/evaluator.py\evaluator.py]8;;\:]8;id=254761;file:///Users/wuyuren/miniconda3/envs/ppo/lib/python3.9/site-packages/ding/framework/middleware/functional/evaluator.py#370\370]8;;\
[01-16 23:21:00] [34mINFO    [39m Training: Train [1mIter(4480)[22m      Env [1mStep(26098)[22m [1mLoss(-0.008)[22m                                                                       ]8;id=60508;file:///Users/wuyuren/miniconda3/envs/ppo/lib/python3.9/site-packages/ding/framework/middleware/functional/trainer.py\trainer.py]8;;\:]8;id=966115;file:///Users/wuyuren/miniconda3/envs/ppo/lib/python3.9/site-packages/ding/framework/middleware/functional/trainer.py#82\82]8;;\
[01-16 23:21:07] [34mINFO    [39m Training: Train [1mIter(5040)[22m      Env [1mStep(29306)[22m [1mLoss(-0.003)[22m                                                                       ]8;id=768502;file:///Users/wuyuren/miniconda3/envs/ppo/lib/python3.9/site-packages/ding/framework/middleware/functional/trainer.py\trainer.py]8;;\:]8;id=319554;file:///Users/wuyuren/miniconda3/envs/ppo/lib/python3.9/site-packages/ding/framework/middleware/functional/trainer.py#82\82]8;;\
[01-16 23:21:11] [34mINFO    [39m Evaluation: Train [1mIter(5250)[22m    Env [1mStep(30106)[22m Mean Episode [1mReturn(208.553)[22m                                                    ]8;id=147279;file:///Users/wuyuren/miniconda3/envs/ppo/lib/python3.9/site-packages/ding/framework/middleware/functional/evaluator.py\evaluator.py]8;;\:]8;id=486098;file:///Users/wuyuren/miniconda3/envs/ppo/lib/python3.9/site-packages/ding/framework/middleware/functional/evaluator.py#370\370]8;;\
[01-16 23:21:15] [34mINFO    [39m Training: Train [1mIter(5600)[22m      Env [1mStep(32516)[22m [1mLoss(0.006)[22m                                                                        ]8;id=599836;file:///Users/wuyuren/miniconda3/envs/ppo/lib/python3.9/site-packages/ding/framework/middleware/functional/trainer.py\trainer.py]8;;\:]8;id=516363;file:///Users/wuyuren/miniconda3/envs/ppo/lib/python3.9/site-packages/ding/framework/middleware/functional/trainer.py#82\82]8;;\
[01-16 23:21:20] [34mINFO    [39m Training: Train [1mIter(6160)[22m      Env [1mStep(35734)[22m [1mLoss(-0.001)[22m                                                                       ]8;id=268781;file:///Users/wuyuren/miniconda3/envs/ppo/lib/python3.9/site-packages/ding/framework/middleware/functional/trainer.py\trainer.py]8;;\:]8;id=638122;file:///Users/wuyuren/miniconda3/envs/ppo/lib/python3.9/site-packages/ding/framework/middleware/functional/trainer.py#82\82]8;;\
[01-16 23:21:22] [34mINFO    [39m Evaluation: Train [1mIter(6300)[22m    Env [1mStep(36137)[22m Mean Episode [1mReturn(146.275)[22m                                                    ]8;id=669784;file:///Users/wuyuren/miniconda3/envs/ppo/lib/python3.9/site-packages/ding/framework/middleware/functional/evaluator.py\evaluator.py]8;;\:]8;id=126352;file:///Users/wuyuren/miniconda3/envs/ppo/lib/python3.9/site-packages/ding/framework/middleware/functional/evaluator.py#370\370]8;;\
[01-16 23:21:27] [34mINFO    [39m Training: Train [1mIter(6720)[22m      Env [1mStep(38943)[22m [1mLoss(-0.013)[22m                                                                       ]8;id=105296;file:///Users/wuyuren/miniconda3/envs/ppo/lib/python3.9/site-packages/ding/framework/middleware/functional/trainer.py\trainer.py]8;;\:]8;id=582644;file:///Users/wuyuren/miniconda3/envs/ppo/lib/python3.9/site-packages/ding/framework/middleware/functional/trainer.py#82\82]8;;\
[01-16 23:21:33] [34mINFO    [39m Training: Train [1mIter(7280)[22m      Env [1mStep(42155)[22m [1mLoss(-0.023)[22m                                                                       ]8;id=472038;file:///Users/wuyuren/miniconda3/envs/ppo/lib/python3.9/site-packages/ding/framework/middleware/functional/trainer.py\trainer.py]8;;\:]8;id=304338;file:///Users/wuyuren/miniconda3/envs/ppo/lib/python3.9/site-packages/ding/framework/middleware/functional/trainer.py#82\82]8;;\
[01-16 23:21:34] [34mINFO    [39m Evaluation: Train [1mIter(7350)[22m    Env [1mStep(42155)[22m Mean Episode [1mReturn(239.052)[22m                                                    ]8;id=233329;file:///Users/wuyuren/miniconda3/envs/ppo/lib/python3.9/site-packages/ding/framework/middleware/functional/evaluator.py\evaluator.py]8;;\:]8;id=709510;file:///Users/wuyuren/miniconda3/envs/ppo/lib/python3.9/site-packages/ding/framework/middleware/functional/evaluator.py#370\370]8;;\
[01-16 23:21:40] [34mINFO    [39m Training: Train [1mIter(7840)[22m      Env [1mStep(45359)[22m [1mLoss(-0.023)[22m                                                                       ]8;id=733303;file:///Users/wuyuren/miniconda3/envs/ppo/lib/python3.9/site-packages/ding/framework/middleware/functional/trainer.py\trainer.py]8;;\:]8;id=823128;file:///Users/wuyuren/miniconda3/envs/ppo/lib/python3.9/site-packages/ding/framework/middleware/functional/trainer.py#82\82]8;;\
[01-16 23:21:49] [34mINFO    [39m Evaluation: Train [1mIter(8400)[22m    Env [1mStep(48173)[22m Mean Episode [1mReturn(1.185)[22m                                                      ]8;id=312195;file:///Users/wuyuren/miniconda3/envs/ppo/lib/python3.9/site-packages/ding/framework/middleware/functional/evaluator.py\evaluator.py]8;;\:]8;id=745387;file:///Users/wuyuren/miniconda3/envs/ppo/lib/python3.9/site-packages/ding/framework/middleware/functional/evaluator.py#370\370]8;;\
[01-16 23:21:50] [34mINFO    [39m Training: Train [1mIter(8400)[22m      Env [1mStep(48575)[22m [1mLoss(0.008)[22m                                                                        ]8;id=234028;file:///Users/wuyuren/miniconda3/envs/ppo/lib/python3.9/site-packages/ding/framework/middleware/functional/trainer.py\trainer.py]8;;\:]8;id=974679;file:///Users/wuyuren/miniconda3/envs/ppo/lib/python3.9/site-packages/ding/framework/middleware/functional/trainer.py#82\82]8;;\
[01-16 23:21:56] [34mINFO    [39m Training: Train [1mIter(8960)[22m      Env [1mStep(51789)[22m [1mLoss(-0.020)[22m                                                                       ]8;id=872513;file:///Users/wuyuren/miniconda3/envs/ppo/lib/python3.9/site-packages/ding/framework/middleware/functional/trainer.py\trainer.py]8;;\:]8;id=990005;file:///Users/wuyuren/miniconda3/envs/ppo/lib/python3.9/site-packages/ding/framework/middleware/functional/trainer.py#82\82]8;;\
[01-16 23:22:01] [34mINFO    [39m Evaluation: Train [1mIter(9450)[22m    Env [1mStep(54199)[22m Mean Episode [1mReturn(230.479)[22m                                                    ]8;id=456837;file:///Users/wuyuren/miniconda3/envs/ppo/lib/python3.9/site-packages/ding/framework/middleware/functional/evaluator.py\evaluator.py]8;;\:]8;id=424218;file:///Users/wuyuren/miniconda3/envs/ppo/lib/python3.9/site-packages/ding/framework/middleware/functional/evaluator.py#370\370]8;;\
[01-16 23:22:03] [34mINFO    [39m Training: Train [1mIter(9520)[22m      Env [1mStep(55005)[22m [1mLoss(-0.030)[22m                                                                       ]8;id=33677;file:///Users/wuyuren/miniconda3/envs/ppo/lib/python3.9/site-packages/ding/framework/middleware/functional/trainer.py\trainer.py]8;;\:]8;id=832609;file:///Users/wuyuren/miniconda3/envs/ppo/lib/python3.9/site-packages/ding/framework/middleware/functional/trainer.py#82\82]8;;\
[01-16 23:22:08] [34mINFO    [39m Training: Train [1mIter(10080)[22m     Env [1mStep(58221)[22m [1mLoss(-0.014)[22m                                                                       ]8;id=533771;file:///Users/wuyuren/miniconda3/envs/ppo/lib/python3.9/site-packages/ding/framework/middleware/functional/trainer.py\trainer.py]8;;\:]8;id=751290;file:///Users/wuyuren/miniconda3/envs/ppo/lib/python3.9/site-packages/ding/framework/middleware/functional/trainer.py#82\82]8;;\
[01-16 23:22:14] [34mINFO    [39m Evaluation: Train [1mIter(10500)[22m   Env [1mStep(60233)[22m Mean Episode [1mReturn(-96.456)[22m                                                    ]8;id=514497;file:///Users/wuyuren/miniconda3/envs/ppo/lib/python3.9/site-packages/ding/framework/middleware/functional/evaluator.py\evaluator.py]8;;\:]8;id=790396;file:///Users/wuyuren/miniconda3/envs/ppo/lib/python3.9/site-packages/ding/framework/middleware/functional/evaluator.py#370\370]8;;\
[01-16 23:22:16] [34mINFO    [39m Training: Train [1mIter(10640)[22m     Env [1mStep(61434)[22m [1mLoss(-0.019)[22m                                                                       ]8;id=49231;file:///Users/wuyuren/miniconda3/envs/ppo/lib/python3.9/site-packages/ding/framework/middleware/functional/trainer.py\trainer.py]8;;\:]8;id=4797;file:///Users/wuyuren/miniconda3/envs/ppo/lib/python3.9/site-packages/ding/framework/middleware/functional/trainer.py#82\82]8;;\
[01-16 23:22:21] [34mINFO    [39m Training: Train [1mIter(11200)[22m     Env [1mStep(64644)[22m [1mLoss(-0.017)[22m                                                                       ]8;id=290826;file:///Users/wuyuren/miniconda3/envs/ppo/lib/python3.9/site-packages/ding/framework/middleware/functional/trainer.py\trainer.py]8;;\:]8;id=595373;file:///Users/wuyuren/miniconda3/envs/ppo/lib/python3.9/site-packages/ding/framework/middleware/functional/trainer.py#82\82]8;;\
[01-16 23:22:26] [34mINFO    [39m Evaluation: Train [1mIter(11550)[22m   Env [1mStep(66254)[22m Mean Episode [1mReturn(104.315)[22m                                                    ]8;id=523429;file:///Users/wuyuren/miniconda3/envs/ppo/lib/python3.9/site-packages/ding/framework/middleware/functional/evaluator.py\evaluator.py]8;;\:]8;id=139107;file:///Users/wuyuren/miniconda3/envs/ppo/lib/python3.9/site-packages/ding/framework/middleware/functional/evaluator.py#370\370]8;;\
[01-16 23:22:29] [34mINFO    [39m Training: Train [1mIter(11760)[22m     Env [1mStep(67862)[22m [1mLoss(-0.005)[22m                                                                       ]8;id=415384;file:///Users/wuyuren/miniconda3/envs/ppo/lib/python3.9/site-packages/ding/framework/middleware/functional/trainer.py\trainer.py]8;;\:]8;id=857224;file:///Users/wuyuren/miniconda3/envs/ppo/lib/python3.9/site-packages/ding/framework/middleware/functional/trainer.py#82\82]8;;\
[01-16 23:22:35] [34mINFO    [39m Training: Train [1mIter(12320)[22m     Env [1mStep(71076)[22m [1mLoss(-0.018)[22m                                                                       ]8;id=550991;file:///Users/wuyuren/miniconda3/envs/ppo/lib/python3.9/site-packages/ding/framework/middleware/functional/trainer.py\trainer.py]8;;\:]8;id=512797;file:///Users/wuyuren/miniconda3/envs/ppo/lib/python3.9/site-packages/ding/framework/middleware/functional/trainer.py#82\82]8;;\
[01-16 23:22:39] [34mINFO    [39m Evaluation: Train [1mIter(12600)[22m   Env [1mStep(72279)[22m Mean Episode [1mReturn(79.355)[22m                                                     ]8;id=246724;file:///Users/wuyuren/miniconda3/envs/ppo/lib/python3.9/site-packages/ding/framework/middleware/functional/evaluator.py\evaluator.py]8;;\:]8;id=47899;file:///Users/wuyuren/miniconda3/envs/ppo/lib/python3.9/site-packages/ding/framework/middleware/functional/evaluator.py#370\370]8;;\
[01-16 23:22:42] [34mINFO    [39m Training: Train [1mIter(12880)[22m     Env [1mStep(74292)[22m [1mLoss(-0.021)[22m                                                                       ]8;id=46074;file:///Users/wuyuren/miniconda3/envs/ppo/lib/python3.9/site-packages/ding/framework/middleware/functional/trainer.py\trainer.py]8;;\:]8;id=388393;file:///Users/wuyuren/miniconda3/envs/ppo/lib/python3.9/site-packages/ding/framework/middleware/functional/trainer.py#82\82]8;;\
[01-16 23:22:48] [34mINFO    [39m Training: Train [1mIter(13440)[22m     Env [1mStep(77499)[22m [1mLoss(-0.006)[22m                                                                       ]8;id=435994;file:///Users/wuyuren/miniconda3/envs/ppo/lib/python3.9/site-packages/ding/framework/middleware/functional/trainer.py\trainer.py]8;;\:]8;id=798617;file:///Users/wuyuren/miniconda3/envs/ppo/lib/python3.9/site-packages/ding/framework/middleware/functional/trainer.py#82\82]8;;\
[01-16 23:22:52] [34mINFO    [39m Evaluation: Train [1mIter(13650)[22m   Env [1mStep(78299)[22m Mean Episode [1mReturn(-171.906)[22m                                                   ]8;id=842886;file:///Users/wuyuren/miniconda3/envs/ppo/lib/python3.9/site-packages/ding/framework/middleware/functional/evaluator.py\evaluator.py]8;;\:]8;id=22229;file:///Users/wuyuren/miniconda3/envs/ppo/lib/python3.9/site-packages/ding/framework/middleware/functional/evaluator.py#370\370]8;;\
[01-16 23:22:57] [34mINFO    [39m Training: Train [1mIter(14000)[22m     Env [1mStep(80708)[22m [1mLoss(-0.023)[22m                                                                       ]8;id=910544;file:///Users/wuyuren/miniconda3/envs/ppo/lib/python3.9/site-packages/ding/framework/middleware/functional/trainer.py\trainer.py]8;;\:]8;id=967094;file:///Users/wuyuren/miniconda3/envs/ppo/lib/python3.9/site-packages/ding/framework/middleware/functional/trainer.py#82\82]8;;\
[01-16 23:23:03] [34mINFO    [39m Training: Train [1mIter(14560)[22m     Env [1mStep(83916)[22m [1mLoss(-0.019)[22m                                                                       ]8;id=276893;file:///Users/wuyuren/miniconda3/envs/ppo/lib/python3.9/site-packages/ding/framework/middleware/functional/trainer.py\trainer.py]8;;\:]8;id=957107;file:///Users/wuyuren/miniconda3/envs/ppo/lib/python3.9/site-packages/ding/framework/middleware/functional/trainer.py#82\82]8;;\
[01-16 23:23:07] [34mINFO    [39m Evaluation: Train [1mIter(14700)[22m   Env [1mStep(84319)[22m Mean Episode [1mReturn(-96.439)[22m                                                    ]8;id=154175;file:///Users/wuyuren/miniconda3/envs/ppo/lib/python3.9/site-packages/ding/framework/middleware/functional/evaluator.py\evaluator.py]8;;\:]8;id=572214;file:///Users/wuyuren/miniconda3/envs/ppo/lib/python3.9/site-packages/ding/framework/middleware/functional/evaluator.py#370\370]8;;\
[01-16 23:23:13] [34mINFO    [39m Training: Train [1mIter(15120)[22m     Env [1mStep(87123)[22m [1mLoss(-0.013)[22m                                                                       ]8;id=361145;file:///Users/wuyuren/miniconda3/envs/ppo/lib/python3.9/site-packages/ding/framework/middleware/functional/trainer.py\trainer.py]8;;\:]8;id=531998;file:///Users/wuyuren/miniconda3/envs/ppo/lib/python3.9/site-packages/ding/framework/middleware/functional/trainer.py#82\82]8;;\
[01-16 23:23:21] [34mINFO    [39m Training: Train [1mIter(15680)[22m     Env [1mStep(90331)[22m [1mLoss(-0.023)[22m                                                                       ]8;id=43048;file:///Users/wuyuren/miniconda3/envs/ppo/lib/python3.9/site-packages/ding/framework/middleware/functional/trainer.py\trainer.py]8;;\:]8;id=982850;file:///Users/wuyuren/miniconda3/envs/ppo/lib/python3.9/site-packages/ding/framework/middleware/functional/trainer.py#82\82]8;;\
[01-16 23:23:24] [34mINFO    [39m Evaluation: Train [1mIter(15750)[22m   Env [1mStep(90331)[22m Mean Episode [1mReturn(-72.384)[22m                                                    ]8;id=412121;file:///Users/wuyuren/miniconda3/envs/ppo/lib/python3.9/site-packages/ding/framework/middleware/functional/evaluator.py\evaluator.py]8;;\:]8;id=988955;file:///Users/wuyuren/miniconda3/envs/ppo/lib/python3.9/site-packages/ding/framework/middleware/functional/evaluator.py#370\370]8;;\
[01-16 23:23:30] [34mINFO    [39m Training: Train [1mIter(16240)[22m     Env [1mStep(93543)[22m [1mLoss(-0.025)[22m                                                                       ]8;id=793283;file:///Users/wuyuren/miniconda3/envs/ppo/lib/python3.9/site-packages/ding/framework/middleware/functional/trainer.py\trainer.py]8;;\:]8;id=96603;file:///Users/wuyuren/miniconda3/envs/ppo/lib/python3.9/site-packages/ding/framework/middleware/functional/trainer.py#82\82]8;;\
[01-16 23:23:39] [34mINFO    [39m Evaluation: Train [1mIter(16800)[22m   Env [1mStep(96352)[22m Mean Episode [1mReturn(-118.100)[22m                                                   ]8;id=358594;file:///Users/wuyuren/miniconda3/envs/ppo/lib/python3.9/site-packages/ding/framework/middleware/functional/evaluator.py\evaluator.py]8;;\:]8;id=84362;file:///Users/wuyuren/miniconda3/envs/ppo/lib/python3.9/site-packages/ding/framework/middleware/functional/evaluator.py#370\370]8;;\
[01-16 23:23:40] [34mINFO    [39m Training: Train [1mIter(16800)[22m     Env [1mStep(96755)[22m [1mLoss(-0.028)[22m                                                                       ]8;id=571873;file:///Users/wuyuren/miniconda3/envs/ppo/lib/python3.9/site-packages/ding/framework/middleware/functional/trainer.py\trainer.py]8;;\:]8;id=654165;file:///Users/wuyuren/miniconda3/envs/ppo/lib/python3.9/site-packages/ding/framework/middleware/functional/trainer.py#82\82]8;;\
[01-16 23:23:47] [34mINFO    [39m Training: Train [1mIter(17360)[22m     Env [1mStep(99964)[22m [1mLoss(-0.013)[22m                                                                       ]8;id=782770;file:///Users/wuyuren/miniconda3/envs/ppo/lib/python3.9/site-packages/ding/framework/middleware/functional/trainer.py\trainer.py]8;;\:]8;id=294282;file:///Users/wuyuren/miniconda3/envs/ppo/lib/python3.9/site-packages/ding/framework/middleware/functional/trainer.py#82\82]8;;\
[01-16 23:23:47] [34mINFO    [39m Exceeded maximum number of [1menv_step(100367)[22m, program is terminated                                                     ]8;id=576471;file:///Users/wuyuren/miniconda3/envs/ppo/lib/python3.9/site-packages/ding/framework/middleware/functional/termination_checker.py\termination_checker.py]8;;\:]8;id=474597;file:///Users/wuyuren/miniconda3/envs/ppo/lib/python3.9/site-packages/ding/framework/middleware/functional/termination_checker.py#22\22]8;;\
/Users/wuyuren/miniconda3/envs/ppo/lib/python3.9/site-packages/gym/core.py:329: DeprecationWarning: [33mWARN: Initializing wrapper in old step API which returns one bool instead of two. It is recommended to set `new_step_api=True` to use new step API. This will be the default behaviour in future.
  deprecation(
/Users/wuyuren/miniconda3/envs/ppo/lib/python3.9/site-packages/gym/core.py:268: DeprecationWarning: [33mWARN: Function `env.seed(seed)` is marked as deprecated and will be removed in the future. Please use `env.reset(seed=seed)` instead.
  deprecation(
/Users/wuyuren/miniconda3/envs/ppo/lib/python3.9/site-packages/gym/wrappers/monitoring/video_recorder.py:78: DeprecationWarning: [33mWARN: Recording ability for environment LunarLander-v2 initialized with `render_mode=None` is marked as deprecated and will be removed in the future.
  logger.deprecation(
/Users/wuyuren/miniconda3/envs/ppo/lib/python3.9/site-packages/gym/core.py:51: DeprecationWarning: [33mWARN: The argument mode in render method is deprecated; use render_mode during environment initialization instead.
[33mSee here for more information: https://www.gymlibrary.ml/content/api/
  deprecation(
/Users/wuyuren/miniconda3/envs/ppo/lib/python3.9/site-packages/gym/utils/passive_env_checker.py:241: DeprecationWarning: `np.bool8` is a deprecated alias for `np.bool_`.  (Deprecated NumPy 1.24)
  if not isinstance(terminated, (bool, np.bool8)):
/Users/wuyuren/miniconda3/envs/ppo/lib/python3.9/site-packages/gym/core.py:51: DeprecationWarning: [33mWARN: The argument mode in render method is deprecated; use render_mode during environment initialization instead.
[33mSee here for more information: https://www.gymlibrary.ml/content/api/
  deprecation(
[01-16 23:23:50] [34mINFO    [39m PPOF deploy is finished, final episode return with [1m429[22m steps is: [1m[272.3086][22m                                                          ]8;id=704122;file:///Users/wuyuren/miniconda3/envs/ppo/lib/python3.9/site-packages/ding/bonus/ppof.py\ppof.py]8;;\:]8;id=959664;file:///Users/wuyuren/miniconda3/envs/ppo/lib/python3.9/site-packages/ding/bonus/ppof.py#116\116]8;;\