[02-15 18:59:28] INFO     Evaluation: Train Iter(0)       Env Step(0)     Mean Episode Return(923.500)                                                          func.py:93
[02-15 19:00:15] DEBUG    Starting new HTTPS connection (1): o151352.ingest.sentry.io:443                                                           connectionpool.py:1007
[02-15 19:00:16] DEBUG    https://o151352.ingest.sentry.io:443 "POST /api/5288891/envelope/ HTTP/1.1" 200 2                                          connectionpool.py:465
[02-15 19:01:24] INFO     Training: Train Iter(504)       Env Step(16384) Loss(0.201)                                                                           func.py:93
[02-15 19:03:22] INFO     Evaluation: Train Iter(1000)    Env Step(32000) Mean Episode Return(923.500)                                                          func.py:93
[02-15 19:03:27] INFO     Training: Train Iter(1008)      Env Step(32512) Loss(0.001)                                                                           func.py:93
[02-15 19:05:35] INFO     Training: Train Iter(1512)      Env Step(48640) Loss(0.119)                                                                           func.py:93
[02-15 19:07:35] INFO     Evaluation: Train Iter(2000)    Env Step(64000) Mean Episode Return(923.500)                                                          func.py:93
[02-15 19:07:42] INFO     Training: Train Iter(2016)      Env Step(64768) Loss(0.206)                                                                           func.py:93
[02-15 19:09:41] INFO     Training: Train Iter(2520)      Env Step(80896) Loss(0.098)                                                                           func.py:93
[02-15 19:11:38] INFO     Evaluation: Train Iter(3000)    Env Step(96000) Mean Episode Return(923.500)                                                          func.py:93
[02-15 19:11:46] INFO     Training: Train Iter(3024)      Env Step(97024) Loss(0.096)                                                                           func.py:93
[02-15 19:13:50] INFO     Training: Train Iter(3528)      Env Step(113152)        Loss(0.313)                                                                   func.py:93
[02-15 19:15:48] INFO     Evaluation: Train Iter(4000)    Env Step(128000)        Mean Episode Return(923.500)                                                  func.py:93
[02-15 19:15:58] INFO     Training: Train Iter(4032)      Env Step(129280)        Loss(0.077)                                                                   func.py:93
[02-15 19:17:57] INFO     Training: Train Iter(4536)      Env Step(145408)        Loss(0.141)                                                                   func.py:93
[02-15 19:19:48] INFO     Evaluation: Train Iter(5000)    Env Step(160000)        Mean Episode Return(287.750)                                                  func.py:93
[02-15 19:19:59] INFO     Training: Train Iter(5040)      Env Step(161536)        Loss(0.195)                                                                   func.py:93
[02-15 19:21:55] INFO     Training: Train Iter(5544)      Env Step(177664)        Loss(0.067)                                                                   func.py:93
[02-15 19:23:42] INFO     Evaluation: Train Iter(6000)    Env Step(192000)        Mean Episode Return(923.500)                                                  func.py:93
[02-15 19:23:55] INFO     Training: Train Iter(6048)      Env Step(193792)        Loss(0.170)                                                                   func.py:93
[02-15 19:25:50] INFO     Training: Train Iter(6552)      Env Step(209920)        Loss(0.115)                                                                   func.py:93
[02-15 19:27:30] INFO     Evaluation: Train Iter(7000)    Env Step(224000)        Mean Episode Return(137.000)                                                  func.py:93
[02-15 19:27:45] INFO     Training: Train Iter(7056)      Env Step(226048)        Loss(0.100)                                                                   func.py:93
[02-15 19:29:40] INFO     Training: Train Iter(7560)      Env Step(242176)        Loss(0.134)                                                                   func.py:93
[02-15 19:31:23] INFO     Evaluation: Train Iter(8000)    Env Step(256000)        Mean Episode Return(889.500)                                                  func.py:93
[02-15 19:31:40] INFO     Training: Train Iter(8064)      Env Step(258304)        Loss(0.079)                                                                   func.py:93
[02-15 19:33:34] INFO     Training: Train Iter(8568)      Env Step(274432)        Loss(0.141)                                                                   func.py:93
[02-15 19:35:15] INFO     Evaluation: Train Iter(9000)    Env Step(288000)        Mean Episode Return(923.500)                                                  func.py:93
[02-15 19:35:34] INFO     Training: Train Iter(9072)      Env Step(290560)        Loss(0.104)                                                                   func.py:93
[02-15 19:37:28] INFO     Training: Train Iter(9576)      Env Step(306688)        Loss(0.143)                                                                   func.py:93
[02-15 19:39:07] INFO     Evaluation: Train Iter(10000)   Env Step(320000)        Mean Episode Return(854.250)                                                  func.py:93
[02-15 19:39:27] INFO     Training: Train Iter(10080)     Env Step(322816)        Loss(0.260)                                                                   func.py:93
[02-15 19:41:21] INFO     Training: Train Iter(10584)     Env Step(338944)        Loss(0.147)                                                                   func.py:93
[02-15 19:43:00] INFO     Evaluation: Train Iter(11000)   Env Step(352000)        Mean Episode Return(340.750)                                                  func.py:93
[02-15 19:43:22] INFO     Training: Train Iter(11088)     Env Step(355072)        Loss(0.145)                                                                   func.py:93
[02-15 19:45:18] INFO     Training: Train Iter(11592)     Env Step(371200)        Loss(0.143)                                                                   func.py:93
[02-15 19:46:52] INFO     Evaluation: Train Iter(12000)   Env Step(384000)        Mean Episode Return(378.500)                                                  func.py:93
[02-15 19:47:17] INFO     Training: Train Iter(12096)     Env Step(387328)        Loss(0.255)                                                                   func.py:93
[02-15 19:49:13] INFO     Training: Train Iter(12600)     Env Step(403456)        Loss(0.123)                                                                   func.py:93
[02-15 19:50:49] INFO     Evaluation: Train Iter(13000)   Env Step(416000)        Mean Episode Return(814.250)                                                  func.py:93
[02-15 19:51:14] INFO     Training: Train Iter(13104)     Env Step(419584)        Loss(0.304)                                                                   func.py:93
[02-15 19:53:12] INFO     Training: Train Iter(13608)     Env Step(435712)        Loss(0.146)                                                                   func.py:93
[02-15 19:54:44] INFO     Evaluation: Train Iter(14000)   Env Step(448000)        Mean Episode Return(385.000)                                                  func.py:93
[02-15 19:55:11] INFO     Training: Train Iter(14112)     Env Step(451840)        Loss(0.118)                                                                   func.py:93
[02-15 19:57:06] INFO     Training: Train Iter(14616)     Env Step(467968)        Loss(0.133)                                                                   func.py:93
[02-15 19:58:36] INFO     Evaluation: Train Iter(15000)   Env Step(480000)        Mean Episode Return(866.500)                                                  func.py:93
[02-15 19:59:05] INFO     Training: Train Iter(15120)     Env Step(484096)        Loss(0.112)                                                                   func.py:93
[02-15 20:00:59] INFO     Training: Train Iter(15624)     Env Step(500224)        Loss(0.078)                                                                   func.py:93
[02-15 20:02:27] INFO     Evaluation: Train Iter(16000)   Env Step(512000)        Mean Episode Return(130.750)                                                  func.py:93
[02-15 20:02:58] INFO     Training: Train Iter(16128)     Env Step(516352)        Loss(0.137)                                                                   func.py:93
[02-15 20:04:54] INFO     Training: Train Iter(16632)     Env Step(532480)        Loss(0.216)                                                                   func.py:93
[02-15 20:06:20] INFO     Evaluation: Train Iter(17000)   Env Step(544000)        Mean Episode Return(666.000)                                                  func.py:93
[02-15 20:06:53] INFO     Training: Train Iter(17136)     Env Step(548608)        Loss(0.129)                                                                   func.py:93
[02-15 20:08:46] INFO     Training: Train Iter(17640)     Env Step(564736)        Loss(0.112)                                                                   func.py:93
[02-15 20:10:12] INFO     Evaluation: Train Iter(18000)   Env Step(576000)        Mean Episode Return(603.000)                                                  func.py:93
[02-15 20:10:46] INFO     Training: Train Iter(18144)     Env Step(580864)        Loss(0.069)                                                                   func.py:93
[02-15 20:12:40] INFO     Training: Train Iter(18648)     Env Step(596992)        Loss(0.063)                                                                   func.py:93
[02-15 20:14:03] INFO     Evaluation: Train Iter(19000)   Env Step(608000)        Mean Episode Return(810.000)                                                  func.py:93
[02-15 20:14:40] INFO     Training: Train Iter(19152)     Env Step(613120)        Loss(0.179)                                                                   func.py:93
[02-15 20:16:33] INFO     Training: Train Iter(19656)     Env Step(629248)        Loss(0.109)                                                                   func.py:93
[02-15 20:17:53] INFO     Evaluation: Train Iter(20000)   Env Step(640000)        Mean Episode Return(493.500)                                                  func.py:93
[02-15 20:18:31] INFO     Training: Train Iter(20160)     Env Step(645376)        Loss(0.166)                                                                   func.py:93
[02-15 20:20:25] INFO     Training: Train Iter(20664)     Env Step(661504)        Loss(0.124)                                                                   func.py:93
[02-15 20:21:43] INFO     Evaluation: Train Iter(21000)   Env Step(672000)        Mean Episode Return(232.000)                                                  func.py:93
[02-15 20:22:23] INFO     Training: Train Iter(21168)     Env Step(677632)        Loss(0.002)                                                                   func.py:93
[02-15 20:24:17] INFO     Training: Train Iter(21672)     Env Step(693760)        Loss(0.019)                                                                   func.py:93
[02-15 20:25:35] INFO     Evaluation: Train Iter(22000)   Env Step(704000)        Mean Episode Return(132.500)                                                  func.py:93
[02-15 20:26:17] INFO     Training: Train Iter(22176)     Env Step(709888)        Loss(0.176)                                                                   func.py:93
[02-15 20:28:10] INFO     Training: Train Iter(22680)     Env Step(726016)        Loss(0.113)                                                                   func.py:93
[02-15 20:29:26] INFO     Evaluation: Train Iter(23000)   Env Step(736000)        Mean Episode Return(906.500)                                                  func.py:93
[02-15 20:30:10] INFO     Training: Train Iter(23184)     Env Step(742144)        Loss(0.454)                                                                   func.py:93
[02-15 20:32:03] INFO     Training: Train Iter(23688)     Env Step(758272)        Loss(0.168)                                                                   func.py:93
[02-15 20:33:14] INFO     Evaluation: Train Iter(24000)   Env Step(768000)        Mean Episode Return(377.000)                                                  func.py:93
[02-15 20:34:00] INFO     Training: Train Iter(24192)     Env Step(774400)        Loss(0.188)                                                                   func.py:93
[02-15 20:35:59] INFO     Training: Train Iter(24696)     Env Step(790528)        Loss(0.030)                                                                   func.py:93
[02-15 20:37:15] INFO     Evaluation: Train Iter(25000)   Env Step(800000)        Mean Episode Return(895.250)                                                  func.py:93
[02-15 20:38:03] INFO     Training: Train Iter(25200)     Env Step(806656)        Loss(0.101)                                                                   func.py:93
[02-15 20:40:02] INFO     Training: Train Iter(25704)     Env Step(822784)        Loss(0.216)                                                                   func.py:93
[02-15 20:41:15] INFO     Evaluation: Train Iter(26000)   Env Step(832000)        Mean Episode Return(923.500)                                                  func.py:93
[02-15 20:42:05] INFO     Training: Train Iter(26208)     Env Step(838912)        Loss(0.302)                                                                   func.py:93
[02-15 20:44:05] INFO     Training: Train Iter(26712)     Env Step(855040)        Loss(0.115)                                                                   func.py:93
[02-15 20:45:17] INFO     Evaluation: Train Iter(27000)   Env Step(864000)        Mean Episode Return(923.500)                                                  func.py:93
[02-15 20:46:17] INFO     Training: Train Iter(27216)     Env Step(871168)        Loss(0.178)                                                                   func.py:93
[02-15 20:48:20] INFO     Training: Train Iter(27720)     Env Step(887296)        Loss(0.102)                                                                   func.py:93
[02-15 20:49:29] INFO     Evaluation: Train Iter(28000)   Env Step(896000)        Mean Episode Return(381.750)                                                  func.py:93
[02-15 20:50:24] INFO     Training: Train Iter(28224)     Env Step(903424)        Loss(0.302)                                                                   func.py:93
[02-15 20:52:25] INFO     Training: Train Iter(28728)     Env Step(919552)        Loss(0.193)                                                                   func.py:93
[02-15 20:53:31] INFO     Evaluation: Train Iter(29000)   Env Step(928000)        Mean Episode Return(645.500)                                                  func.py:93
[02-15 20:54:27] INFO     Training: Train Iter(29232)     Env Step(935680)        Loss(0.090)                                                                   func.py:93
[02-15 20:56:24] INFO     Training: Train Iter(29736)     Env Step(951808)        Loss(0.199)                                                                   func.py:93
[02-15 20:57:30] INFO     Evaluation: Train Iter(30000)   Env Step(960000)        Mean Episode Return(923.500)                                                  func.py:93
[02-15 20:58:28] INFO     Training: Train Iter(30240)     Env Step(967936)        Loss(0.302)                                                                   func.py:93
[02-15 21:00:26] INFO     Training: Train Iter(30744)     Env Step(984064)        Loss(0.252)                                                                   func.py:93
[02-15 21:01:29] INFO     Evaluation: Train Iter(31000)   Env Step(992000)        Mean Episode Return(372.750)                                                  func.py:93
[02-15 21:02:31] INFO     Training: Train Iter(31248)     Env Step(1000192)       Loss(0.170)                                                                   func.py:93
[02-15 21:04:30] INFO     Training: Train Iter(31752)     Env Step(1016320)       Loss(0.097)                                                                   func.py:93
[02-15 21:05:32] INFO     Evaluation: Train Iter(32000)   Env Step(1024000)       Mean Episode Return(383.500)                                                  func.py:93
[02-15 21:06:35] INFO     Training: Train Iter(32256)     Env Step(1032448)       Loss(0.122)                                                                   func.py:93
[02-15 21:08:34] INFO     Training: Train Iter(32760)     Env Step(1048576)       Loss(0.552)                                                                   func.py:93
[02-15 21:09:35] INFO     Evaluation: Train Iter(33000)   Env Step(1056000)       Mean Episode Return(923.500)                                                  func.py:93
[02-15 21:10:41] INFO     Training: Train Iter(33264)     Env Step(1064704)       Loss(0.670)                                                                   func.py:93
[02-15 21:12:39] INFO     Training: Train Iter(33768)     Env Step(1080832)       Loss(0.005)                                                                   func.py:93
[02-15 21:13:37] INFO     Evaluation: Train Iter(34000)   Env Step(1088000)       Mean Episode Return(923.500)                                                  func.py:93
[02-15 21:14:43] INFO     Training: Train Iter(34272)     Env Step(1096960)       Loss(0.005)                                                                   func.py:93
[02-15 21:16:41] INFO     Training: Train Iter(34776)     Env Step(1113088)       Loss(0.531)                                                                   func.py:93
[02-15 21:17:42] INFO     Evaluation: Train Iter(35000)   Env Step(1120000)       Mean Episode Return(923.500)                                                  func.py:93
[02-15 21:18:51] INFO     Training: Train Iter(35280)     Env Step(1129216)       Loss(0.001)                                                                   func.py:93
[02-15 21:20:50] INFO     Training: Train Iter(35784)     Env Step(1145344)       Loss(0.002)                                                                   func.py:93
[02-15 21:21:42] INFO     Evaluation: Train Iter(36000)   Env Step(1152000)       Mean Episode Return(923.500)                                                  func.py:93
[02-15 21:22:50] INFO     Training: Train Iter(36288)     Env Step(1161472)       Loss(0.172)                                                                   func.py:93
[02-15 21:24:46] INFO     Training: Train Iter(36792)     Env Step(1177600)       Loss(0.230)                                                                   func.py:93
[02-15 21:25:40] INFO     Evaluation: Train Iter(37000)   Env Step(1184000)       Mean Episode Return(58.750)                                                   func.py:93
[02-15 21:26:52] INFO     Training: Train Iter(37296)     Env Step(1193728)       Loss(0.080)                                                                   func.py:93
[02-15 21:28:51] INFO     Training: Train Iter(37800)     Env Step(1209856)       Loss(0.228)                                                                   func.py:93
[02-15 21:29:43] INFO     Evaluation: Train Iter(38000)   Env Step(1216000)       Mean Episode Return(923.500)                                                  func.py:93
[02-15 21:30:58] INFO     Training: Train Iter(38304)     Env Step(1225984)       Loss(0.180)                                                                   func.py:93
[02-15 21:32:56] INFO     Training: Train Iter(38808)     Env Step(1242112)       Loss(0.155)                                                                   func.py:93
[02-15 21:33:45] INFO     Evaluation: Train Iter(39000)   Env Step(1248000)       Mean Episode Return(923.500)                                                  func.py:93
[02-15 21:34:59] INFO     Training: Train Iter(39312)     Env Step(1258240)       Loss(0.230)                                                                   func.py:93
[02-15 21:36:56] INFO     Training: Train Iter(39816)     Env Step(1274368)       Loss(0.119)                                                                   func.py:93
[02-15 21:37:42] INFO     Evaluation: Train Iter(40000)   Env Step(1280000)       Mean Episode Return(923.500)                                                  func.py:93
[02-15 21:38:56] INFO     Training: Train Iter(40320)     Env Step(1290496)       Loss(0.031)                                                                   func.py:93
[02-15 21:40:49] INFO     Training: Train Iter(40824)     Env Step(1306624)       Loss(0.028)                                                                   func.py:93
[02-15 21:41:32] INFO     Evaluation: Train Iter(41000)   Env Step(1312000)       Mean Episode Return(923.500)                                                  func.py:93
[02-15 21:42:47] INFO     Training: Train Iter(41328)     Env Step(1322752)       Loss(0.046)                                                                   func.py:93
[02-15 21:44:39] INFO     Training: Train Iter(41832)     Env Step(1338880)       Loss(0.036)                                                                   func.py:93
[02-15 21:45:20] INFO     Evaluation: Train Iter(42000)   Env Step(1344000)       Mean Episode Return(923.500)                                                  func.py:93
[02-15 21:46:38] INFO     Training: Train Iter(42336)     Env Step(1355008)       Loss(0.097)                                                                   func.py:93
[02-15 21:48:32] INFO     Training: Train Iter(42840)     Env Step(1371136)       Loss(0.000)                                                                   func.py:93
[02-15 21:49:09] INFO     Evaluation: Train Iter(43000)   Env Step(1376000)       Mean Episode Return(387.000)                                                  func.py:93
[02-15 21:50:28] INFO     Training: Train Iter(43344)     Env Step(1387264)       Loss(-0.000)                                                                  func.py:93
[02-15 21:52:21] INFO     Training: Train Iter(43848)     Env Step(1403392)       Loss(0.000)                                                                   func.py:93
[02-15 21:52:57] INFO     Evaluation: Train Iter(44000)   Env Step(1408000)       Mean Episode Return(387.000)                                                  func.py:93
[02-15 21:54:18] INFO     Training: Train Iter(44352)     Env Step(1419520)       Loss(0.000)                                                                   func.py:93
[02-15 21:56:11] INFO     Training: Train Iter(44856)     Env Step(1435648)       Loss(0.000)                                                                   func.py:93
[02-15 21:56:45] INFO     Evaluation: Train Iter(45000)   Env Step(1440000)       Mean Episode Return(387.000)                                                  func.py:93
[02-15 21:58:07] INFO     Training: Train Iter(45360)     Env Step(1451776)       Loss(0.065)                                                                   func.py:93
[02-15 22:00:00] INFO     Training: Train Iter(45864)     Env Step(1467904)       Loss(0.018)                                                                   func.py:93
[02-15 22:00:34] INFO     Evaluation: Train Iter(46000)   Env Step(1472000)       Mean Episode Return(98.750)                                                   func.py:93
[02-15 22:01:58] INFO     Training: Train Iter(46368)     Env Step(1484032)       Loss(0.000)                                                                   func.py:93
[02-15 22:03:52] INFO     Training: Train Iter(46872)     Env Step(1500160)       Loss(0.000)                                                                   func.py:93
[02-15 22:04:21] INFO     Evaluation: Train Iter(47000)   Env Step(1504000)       Mean Episode Return(380.250)                                                  func.py:93
[02-15 22:05:48] INFO     Training: Train Iter(47376)     Env Step(1516288)       Loss(0.082)                                                                   func.py:93
[02-15 22:07:41] INFO     Training: Train Iter(47880)     Env Step(1532416)       Loss(0.000)                                                                   func.py:93
[02-15 22:08:09] INFO     Evaluation: Train Iter(48000)   Env Step(1536000)       Mean Episode Return(373.250)                                                  func.py:93
[02-15 22:09:40] INFO     Training: Train Iter(48384)     Env Step(1548544)       Loss(0.015)                                                                   func.py:93
[02-15 22:11:43] INFO     Training: Train Iter(48888)     Env Step(1564672)       Loss(0.012)                                                                   func.py:93
[02-15 22:12:13] INFO     Evaluation: Train Iter(49000)   Env Step(1568000)       Mean Episode Return(130.750)                                                  func.py:93
[02-15 22:13:49] INFO     Training: Train Iter(49392)     Env Step(1580800)       Loss(0.003)                                                                   func.py:93
[02-15 22:15:46] INFO     Training: Train Iter(49896)     Env Step(1596928)       Loss(0.002)                                                                   func.py:93
[02-15 22:16:14] INFO     Evaluation: Train Iter(50000)   Env Step(1600000)       Mean Episode Return(130.750)                                                  func.py:93
[02-15 22:17:50] INFO     Training: Train Iter(50400)     Env Step(1613056)       Loss(0.026)                                                                   func.py:93
[02-15 22:19:47] INFO     Training: Train Iter(50904)     Env Step(1629184)       Loss(0.017)                                                                   func.py:93
[02-15 22:20:13] INFO     Evaluation: Train Iter(51000)   Env Step(1632000)       Mean Episode Return(130.750)                                                  func.py:93
[02-15 22:21:48] INFO     Training: Train Iter(51408)     Env Step(1645312)       Loss(0.007)                                                                   func.py:93
[02-15 22:23:43] INFO     Training: Train Iter(51912)     Env Step(1661440)       Loss(0.010)                                                                   func.py:93
[02-15 22:24:07] INFO     Evaluation: Train Iter(52000)   Env Step(1664000)       Mean Episode Return(58.750)                                                   func.py:93
[02-15 22:25:45] INFO     Training: Train Iter(52416)     Env Step(1677568)       Loss(0.016)                                                                   func.py:93
[02-15 22:27:42] INFO     Training: Train Iter(52920)     Env Step(1693696)       Loss(0.054)                                                                   func.py:93
[02-15 22:28:03] INFO     Evaluation: Train Iter(53000)   Env Step(1696000)       Mean Episode Return(923.500)                                                  func.py:93
[02-15 22:29:43] INFO     Training: Train Iter(53424)     Env Step(1709824)       Loss(0.044)                                                                   func.py:93
[02-15 22:31:39] INFO     Training: Train Iter(53928)     Env Step(1725952)       Loss(0.076)                                                                   func.py:93
[02-15 22:31:59] INFO     Evaluation: Train Iter(54000)   Env Step(1728000)       Mean Episode Return(923.500)                                                  func.py:93
[02-15 22:33:40] INFO     Training: Train Iter(54432)     Env Step(1742080)       Loss(0.083)                                                                   func.py:93
[02-15 22:35:35] INFO     Training: Train Iter(54936)     Env Step(1758208)       Loss(0.297)                                                                   func.py:93
[02-15 22:35:53] INFO     Evaluation: Train Iter(55000)   Env Step(1760000)       Mean Episode Return(923.500)                                                  func.py:93
[02-15 22:37:35] INFO     Training: Train Iter(55440)     Env Step(1774336)       Loss(0.007)                                                                   func.py:93
[02-15 22:39:30] INFO     Training: Train Iter(55944)     Env Step(1790464)       Loss(0.001)                                                                   func.py:93
[02-15 22:39:46] INFO     Evaluation: Train Iter(56000)   Env Step(1792000)       Mean Episode Return(58.750)                                                   func.py:93
[02-15 22:41:31] INFO     Training: Train Iter(56448)     Env Step(1806592)       Loss(0.011)                                                                   func.py:93
[02-15 22:43:26] INFO     Training: Train Iter(56952)     Env Step(1822720)       Loss(0.010)                                                                   func.py:93
[02-15 22:43:40] INFO     Evaluation: Train Iter(57000)   Env Step(1824000)       Mean Episode Return(58.750)                                                   func.py:93
[02-15 22:45:27] INFO     Training: Train Iter(57456)     Env Step(1838848)       Loss(0.008)                                                                   func.py:93
[02-15 22:47:21] INFO     Training: Train Iter(57960)     Env Step(1854976)       Loss(0.013)                                                                   func.py:93
[02-15 22:47:34] INFO     Evaluation: Train Iter(58000)   Env Step(1856000)       Mean Episode Return(58.750)                                                   func.py:93
[02-15 22:49:22] INFO     Training: Train Iter(58464)     Env Step(1871104)       Loss(0.143)                                                                   func.py:93
[02-15 22:51:17] INFO     Training: Train Iter(58968)     Env Step(1887232)       Loss(0.140)                                                                   func.py:93
[02-15 22:51:28] INFO     Evaluation: Train Iter(59000)   Env Step(1888000)       Mean Episode Return(58.750)                                                   func.py:93
[02-15 22:53:18] INFO     Training: Train Iter(59472)     Env Step(1903360)       Loss(0.006)                                                                   func.py:93
[02-15 22:55:13] INFO     Training: Train Iter(59976)     Env Step(1919488)       Loss(0.004)                                                                   func.py:93
[02-15 22:55:22] INFO     Evaluation: Train Iter(60000)   Env Step(1920000)       Mean Episode Return(923.500)                                                  func.py:93
[02-15 22:57:13] INFO     Training: Train Iter(60480)     Env Step(1935616)       Loss(0.317)                                                                   func.py:93
[02-15 22:59:08] INFO     Training: Train Iter(60984)     Env Step(1951744)       Loss(0.003)                                                                   func.py:93
[02-15 22:59:15] INFO     Evaluation: Train Iter(61000)   Env Step(1952000)       Mean Episode Return(923.500)                                                  func.py:93
[02-15 23:01:09] INFO     Training: Train Iter(61488)     Env Step(1967872)       Loss(0.006)                                                                   func.py:93
[02-15 23:03:04] INFO     Training: Train Iter(61992)     Env Step(1984000)       Loss(0.368)                                                                   func.py:93
[02-15 23:03:09] INFO     Evaluation: Train Iter(62000)   Env Step(1984000)       Mean Episode Return(923.500)                                                  func.py:93
[02-15 23:05:04] INFO     Training: Train Iter(62496)     Env Step(2000128)       Loss(0.002)                                                                   func.py:93
[02-15 23:07:03] INFO     Evaluation: Train Iter(63000)   Env Step(2016000)       Mean Episode Return(923.500)                                                  func.py:93
[02-15 23:07:04] INFO     Training: Train Iter(63000)     Env Step(2016256)       Loss(0.020)                                                                   func.py:93
[02-15 23:08:59] INFO     Training: Train Iter(63504)     Env Step(2032384)       Loss(0.373)                                                                   func.py:93
[02-15 23:10:56] INFO     Evaluation: Train Iter(64000)   Env Step(2048000)       Mean Episode Return(923.500)                                                  func.py:93
[02-15 23:11:00] INFO     Training: Train Iter(64008)     Env Step(2048512)       Loss(0.002)                                                                   func.py:93
[02-15 23:12:53] INFO     Training: Train Iter(64512)     Env Step(2064640)       Loss(0.010)                                                                   func.py:93
[02-15 23:14:45] INFO     Evaluation: Train Iter(65000)   Env Step(2080000)       Mean Episode Return(923.500)                                                  func.py:93
[02-15 23:14:51] INFO     Training: Train Iter(65016)     Env Step(2080768)       Loss(0.160)                                                                   func.py:93
[02-15 23:16:44] INFO     Training: Train Iter(65520)     Env Step(2096896)       Loss(0.001)                                                                   func.py:93
[02-15 23:18:35] INFO     Evaluation: Train Iter(66000)   Env Step(2112000)       Mean Episode Return(923.500)                                                  func.py:93
[02-15 23:18:42] INFO     Training: Train Iter(66024)     Env Step(2113024)       Loss(0.106)                                                                   func.py:93
[02-15 23:20:35] INFO     Training: Train Iter(66528)     Env Step(2129152)       Loss(0.245)                                                                   func.py:93
[02-15 23:22:23] INFO     Evaluation: Train Iter(67000)   Env Step(2144000)       Mean Episode Return(923.500)                                                  func.py:93
[02-15 23:22:32] INFO     Training: Train Iter(67032)     Env Step(2145280)       Loss(0.023)                                                                   func.py:93
[02-15 23:24:26] INFO     Training: Train Iter(67536)     Env Step(2161408)       Loss(0.074)                                                                   func.py:93
[02-15 23:26:13] INFO     Evaluation: Train Iter(68000)   Env Step(2176000)       Mean Episode Return(923.500)                                                  func.py:93
[02-15 23:26:24] INFO     Training: Train Iter(68040)     Env Step(2177536)       Loss(0.138)                                                                   func.py:93
[02-15 23:28:17] INFO     Training: Train Iter(68544)     Env Step(2193664)       Loss(0.001)                                                                   func.py:93
[02-15 23:30:03] INFO     Evaluation: Train Iter(69000)   Env Step(2208000)       Mean Episode Return(923.500)                                                  func.py:93
[02-15 23:30:15] INFO     Training: Train Iter(69048)     Env Step(2209792)       Loss(0.168)                                                                   func.py:93
[02-15 23:32:08] INFO     Training: Train Iter(69552)     Env Step(2225920)       Loss(0.003)                                                                   func.py:93
[02-15 23:33:52] INFO     Evaluation: Train Iter(70000)   Env Step(2240000)       Mean Episode Return(923.500)                                                  func.py:93
[02-15 23:34:07] INFO     Training: Train Iter(70056)     Env Step(2242048)       Loss(0.003)                                                                   func.py:93
[02-15 23:35:59] INFO     Training: Train Iter(70560)     Env Step(2258176)       Loss(0.210)                                                                   func.py:93
[02-15 23:37:41] INFO     Evaluation: Train Iter(71000)   Env Step(2272000)       Mean Episode Return(923.500)                                                  func.py:93
[02-15 23:37:57] INFO     Training: Train Iter(71064)     Env Step(2274304)       Loss(0.089)                                                                   func.py:93