2023-03-12 13:42:51,599 INFO    MainThread:36176 [wandb_setup.py:_flush():68] Configure stats pid to 36176
2023-03-12 13:42:51,599 INFO    MainThread:36176 [wandb_setup.py:_flush():68] Loading settings from C:\Users\73106\.config\wandb\settings
2023-03-12 13:42:51,600 INFO    MainThread:36176 [wandb_setup.py:_flush():68] Loading settings from E:\workspace\ANM\PPOxFamily\wandb\settings
2023-03-12 13:42:51,601 INFO    MainThread:36176 [wandb_setup.py:_flush():68] Loading settings from environment variables: {'_require_service': 'True'}
2023-03-12 13:42:51,602 INFO    MainThread:36176 [wandb_setup.py:_flush():68] Inferring run settings from compute environment: {'program_relpath': 'ch4\\homework4.py', 'program': 'e:\\workspace\\ANM\\PPOxFamily\\ch4\\homework4.py'}
2023-03-12 13:42:51,603 INFO    MainThread:36176 [wandb_setup.py:_flush():68] Applying login settings: {'anonymous': 'must'}
2023-03-12 13:42:51,603 INFO    MainThread:36176 [wandb_init.py:_log_setup():492] Logging user logs to E:\workspace\ANM\PPOxFamily\wandb\run-20230312_134251-g1s73ewz\logs\debug.log
2023-03-12 13:42:51,604 INFO    MainThread:36176 [wandb_init.py:_log_setup():493] Logging internal logs to E:\workspace\ANM\PPOxFamily\wandb\run-20230312_134251-g1s73ewz\logs\debug-internal.log
2023-03-12 13:42:51,604 INFO    MainThread:36176 [wandb_init.py:init():532] calling init triggers
2023-03-12 13:42:51,605 INFO    MainThread:36176 [wandb_init.py:init():538] wandb.init called with sweep_config: {}
config: {}
2023-03-12 13:42:51,605 INFO    MainThread:36176 [wandb_init.py:init():588] starting backend
2023-03-12 13:42:51,605 INFO    MainThread:36176 [wandb_init.py:init():592] setting up manager
2023-03-12 13:42:51,610 INFO    MainThread:36176 [backend.py:_multiprocessing_setup():106] multiprocessing start_methods=spawn, using: spawn
2023-03-12 13:42:51,618 INFO    MainThread:36176 [wandb_init.py:init():599] backend started and connected
2023-03-12 13:42:51,620 INFO    MainThread:36176 [wandb_init.py:init():687] updated telemetry
2023-03-12 13:42:51,692 INFO    MainThread:36176 [wandb_init.py:init():727] communicating run to backend with 60.0 second timeout
2023-03-12 13:42:53,333 INFO    MainThread:36176 [wandb_run.py:_on_init():2134] communicating current version
2023-03-12 13:42:54,067 INFO    MainThread:36176 [wandb_run.py:_on_init():2143] got version response upgrade_message: "wandb version 0.13.11 is available!  To upgrade, please run:\n $ pip install wandb --upgrade"

2023-03-12 13:42:54,067 INFO    MainThread:36176 [wandb_init.py:init():775] starting run threads in backend
2023-03-12 13:42:54,357 INFO    MainThread:36176 [wandb_run.py:_console_start():2114] atexit reg
2023-03-12 13:42:54,357 INFO    MainThread:36176 [wandb_run.py:_redirect():1969] redirect: SettingsConsole.WRAP_RAW
2023-03-12 13:42:54,357 INFO    MainThread:36176 [wandb_run.py:_redirect():2034] Wrapping output streams.
2023-03-12 13:42:54,357 INFO    MainThread:36176 [wandb_run.py:_redirect():2059] Redirects installed.
2023-03-12 13:42:54,358 INFO    MainThread:36176 [wandb_init.py:init():817] run started, returning control to user process
2023-03-12 13:45:02,818 WARNING MsgRouterThr:36176 [router.py:message_loop():77] message_loop has been closed
